2014-11-26 14:28:33 3624 [Note] Plugin 'FEDERATED' is disabled.
2014-11-26 14:28:34 3624 [Note] InnoDB: The InnoDB memory heap is disabled
2014-11-26 14:28:34 3624 [Note] InnoDB: Mutexes and rw_locks use Windows interlocked functions
2014-11-26 14:28:34 3624 [Note] InnoDB: Compressed tables use zlib 1.2.3
2014-11-26 14:28:34 3624 [Note] InnoDB: Not using CPU crc32 instructions
2014-11-26 14:28:34 3624 [Note] InnoDB: Initializing buffer pool, size = 128.0M
2014-11-26 14:28:34 3624 [Note] InnoDB: Completed initialization of buffer pool
2014-11-26 14:28:34 3624 [Note] InnoDB: Setting log file F:\usbWebserver\mysql\data\ib_logfile101 size to 5 MB
2014-11-26 14:28:34 3624 [Note] InnoDB: Setting log file F:\usbWebserver\mysql\data\ib_logfile1 size to 5 MB
2014-11-26 14:28:34 3624 [Note] InnoDB: Renaming log file F:\usbWebserver\mysql\data\ib_logfile101 to F:\usbWebserver\mysql\data\ib_logfile0
2014-11-26 14:28:34 3624 [Warning] InnoDB: New log files created, LSN=1626134
2014-11-26 14:28:34 3624 [Note] InnoDB: Highest supported file format is Barracuda.
2014-11-26 14:28:35 3624 [Note] InnoDB: 128 rollback segment(s) are active.
2014-11-26 14:28:35 3624 [Note] InnoDB: Waiting for purge to start
2014-11-26 14:28:35 3624 [Note] InnoDB: 5.6.13 started; log sequence number 1626636
2014-11-26 14:28:35 3624 [Warning] No existing UUID has been found, so we assume that this is the first time that this server has been started. Generating a new UUID: 1f7c5767-7570-11e4-85fc-f8bc12723868.
2014-11-26 14:28:35 3624 [Note] Server hostname (bind-address): '*'; port: 3307
2014-11-26 14:28:35 3624 [Note] IPv6 is available.
2014-11-26 14:28:35 3624 [Note]   - '::' resolves to '::';
2014-11-26 14:28:35 3624 [Note] Server socket created on IP: '::'.
2014-11-26 14:28:36 3624 [Note] Event Scheduler: Loaded 0 events
2014-11-26 14:28:36 3624 [Note] F:\usbWebserver/mysql/bin/mysqld_usbwv8.exe: ready for connections.
Version: '5.6.13'  socket: ''  port: 3307  MySQL Community Server (GPL)
2014-11-27 13:22:28 6100 [Note] Plugin 'FEDERATED' is disabled.
2014-11-27 13:22:28 6100 [Note] InnoDB: The InnoDB memory heap is disabled
2014-11-27 13:22:28 6100 [Note] InnoDB: Mutexes and rw_locks use Windows interlocked functions
2014-11-27 13:22:28 6100 [Note] InnoDB: Compressed tables use zlib 1.2.3
2014-11-27 13:22:28 6100 [Note] InnoDB: Not using CPU crc32 instructions
2014-11-27 13:22:28 6100 [Note] InnoDB: Initializing buffer pool, size = 128.0M
2014-11-27 13:22:28 6100 [Note] InnoDB: Completed initialization of buffer pool
2014-11-27 13:22:28 6100 [Note] InnoDB: Highest supported file format is Barracuda.
2014-11-27 13:22:28 6100 [Note] InnoDB: The log sequence numbers 1626134 and 1626134 in ibdata files do not match the log sequence number 1758322 in the ib_logfiles!
2014-11-27 13:22:28 6100 [Note] InnoDB: Database was not shutdown normally!
2014-11-27 13:22:28 6100 [Note] InnoDB: Starting crash recovery.
2014-11-27 13:22:28 6100 [Note] InnoDB: Reading tablespace information from the .ibd files...
2014-11-27 13:22:28 6100 [Note] InnoDB: Restoring possible half-written data pages 
2014-11-27 13:22:28 6100 [Note] InnoDB: from the doublewrite buffer...
2014-11-27 13:22:29 6100 [Note] InnoDB: 128 rollback segment(s) are active.
2014-11-27 13:22:29 6100 [Note] InnoDB: Waiting for purge to start
2014-11-27 13:22:29 6100 [Note] InnoDB: 5.6.13 started; log sequence number 1758322
2014-11-27 13:22:29 6100 [Note] Server hostname (bind-address): '*'; port: 3307
2014-11-27 13:22:29 6100 [Note] IPv6 is available.
2014-11-27 13:22:29 6100 [Note]   - '::' resolves to '::';
2014-11-27 13:22:29 6100 [Note] Server socket created on IP: '::'.
2014-11-27 13:22:30 6100 [Note] Event Scheduler: Loaded 0 events
2014-11-27 13:22:30 6100 [Note] F:\usbWebserver/mysql/bin/mysqld_usbwv8.exe: ready for connections.
Version: '5.6.13'  socket: ''  port: 3307  MySQL Community Server (GPL)
2014-12-01 13:33:10 7396 [Note] Plugin 'FEDERATED' is disabled.
2014-12-01 13:33:10 7396 [Note] InnoDB: The InnoDB memory heap is disabled
2014-12-01 13:33:10 7396 [Note] InnoDB: Mutexes and rw_locks use Windows interlocked functions
2014-12-01 13:33:10 7396 [Note] InnoDB: Compressed tables use zlib 1.2.3
2014-12-01 13:33:10 7396 [Note] InnoDB: Not using CPU crc32 instructions
2014-12-01 13:33:10 7396 [Note] InnoDB: Initializing buffer pool, size = 128.0M
2014-12-01 13:33:10 7396 [Note] InnoDB: Completed initialization of buffer pool
2014-12-01 13:33:10 7396 [Note] InnoDB: Highest supported file format is Barracuda.
2014-12-01 13:33:10 7396 [Note] InnoDB: The log sequence numbers 1626134 and 1626134 in ibdata files do not match the log sequence number 1787559 in the ib_logfiles!
2014-12-01 13:33:10 7396 [Note] InnoDB: Database was not shutdown normally!
2014-12-01 13:33:10 7396 [Note] InnoDB: Starting crash recovery.
2014-12-01 13:33:10 7396 [Note] InnoDB: Reading tablespace information from the .ibd files...
2014-12-01 13:33:10 7396 [Note] InnoDB: Restoring possible half-written data pages 
2014-12-01 13:33:10 7396 [Note] InnoDB: from the doublewrite buffer...
2014-12-01 13:33:11 7396 [Note] InnoDB: 128 rollback segment(s) are active.
2014-12-01 13:33:11 7396 [Note] InnoDB: Waiting for purge to start
2014-12-01 13:33:11 7396 [Note] InnoDB: 5.6.13 started; log sequence number 1787559
2014-12-01 13:33:11 7396 [Note] Server hostname (bind-address): '*'; port: 3307
2014-12-01 13:33:11 7396 [Note] IPv6 is available.
2014-12-01 13:33:11 7396 [Note]   - '::' resolves to '::';
2014-12-01 13:33:11 7396 [Note] Server socket created on IP: '::'.
2014-12-01 13:33:13 7396 [Note] Event Scheduler: Loaded 0 events
2014-12-01 13:33:13 7396 [Note] F:\usbWebserver/mysql/bin/mysqld_usbwv8.exe: ready for connections.
Version: '5.6.13'  socket: ''  port: 3307  MySQL Community Server (GPL)
2014-12-03 13:26:55 2832 [Note] Plugin 'FEDERATED' is disabled.
2014-12-03 13:26:55 2832 [Note] InnoDB: The InnoDB memory heap is disabled
2014-12-03 13:26:55 2832 [Note] InnoDB: Mutexes and rw_locks use Windows interlocked functions
2014-12-03 13:26:55 2832 [Note] InnoDB: Compressed tables use zlib 1.2.3
2014-12-03 13:26:55 2832 [Note] InnoDB: Not using CPU crc32 instructions
2014-12-03 13:26:55 2832 [Note] InnoDB: Initializing buffer pool, size = 128.0M
2014-12-03 13:26:55 2832 [Note] InnoDB: Completed initialization of buffer pool
2014-12-03 13:26:55 2832 [Note] InnoDB: Highest supported file format is Barracuda.
2014-12-03 13:26:55 2832 [Note] InnoDB: The log sequence numbers 1626134 and 1626134 in ibdata files do not match the log sequence number 1802211 in the ib_logfiles!
2014-12-03 13:26:55 2832 [Note] InnoDB: Database was not shutdown normally!
2014-12-03 13:26:55 2832 [Note] InnoDB: Starting crash recovery.
2014-12-03 13:26:55 2832 [Note] InnoDB: Reading tablespace information from the .ibd files...
2014-12-03 13:26:55 2832 [Note] InnoDB: Restoring possible half-written data pages 
2014-12-03 13:26:55 2832 [Note] InnoDB: from the doublewrite buffer...
2014-12-03 13:26:56 2832 [Note] InnoDB: 128 rollback segment(s) are active.
2014-12-03 13:26:56 2832 [Note] InnoDB: Waiting for purge to start
2014-12-03 13:26:56 2832 [Note] InnoDB: 5.6.13 started; log sequence number 1802211
2014-12-03 13:26:56 2832 [Note] Server hostname (bind-address): '*'; port: 3307
2014-12-03 13:26:56 2832 [Note] IPv6 is available.
2014-12-03 13:26:56 2832 [Note]   - '::' resolves to '::';
2014-12-03 13:26:56 2832 [Note] Server socket created on IP: '::'.
2014-12-03 13:26:58 2832 [Note] Event Scheduler: Loaded 0 events
2014-12-03 13:26:58 2832 [Note] F:\usbWebserver/mysql/bin/mysqld_usbwv8.exe: ready for connections.
Version: '5.6.13'  socket: ''  port: 3307  MySQL Community Server (GPL)
